C:\Program Files (x86)\Microsoft Visual Studio\2017\Community\Common7\IDE\VC\VCTargets\Microsoft.CppBuild.targets(387,5): warning MSB8028: 中繼目錄 (Debug\) 包含從其他專案 (3.vcxproj) 共用的檔案。這可能導致錯誤的清除和重建行為。
  main.c
c:\106ntuta-19\teach\c 語言\c\ch3\main.c(83): warning C4013: 'ex3_7' 未定義; 假設 extern 傳回整數
c:\106ntuta-19\teach\c 語言\c\ch3\main.c(87): warning C4013: 'ex3_8' 未定義; 假設 extern 傳回整數
  hw6.c
  hw5.c
  hw4.c
  hw3.c
  hw2.c
  hw1.c
  ex3_8.c
  ex3_7.c
  ex3_6.c
  ex3_5.c
  ex3_4.c
  ex3_3.c
  ex3_2.c
  ex3_1.c
  正在產生程式碼...
  ch3.vcxproj -> C:\106NTUTA-19\teach\C 語言\c\Debug\ch3.exe
