C:\Program Files (x86)\Microsoft Visual Studio\2017\Community\Common7\IDE\VC\VCTargets\Microsoft.CppBuild.targets(387,5): warning MSB8028: 中繼目錄 (Debug\) 包含從其他專案 (6.vcxproj) 共用的檔案。這可能導致錯誤的清除和重建行為。
  main.c
  hw7.c
  hw6.c
  hw5.c
c:\106ntuta-19\teach\c 語言\c\ch6\hw5.c(21): warning C4098: 'seq': 'void' 函式正在傳回值
  hw4.c
  hw3.c
  hw2.c
  hw1.c
  ex6_9.c
  ex6_8.c
  ex6_7.c
  ex6_6.c
  ex6_5.c
  ex6_4.c
  ex6_3.c
  ex6_22-2.c
  ex6_22-1.c
  ex6_21.c
  ex6_20.c
  ex6_2.c
  正在產生程式碼...
c:\106ntuta-19\teach\c 語言\c\ch6\ex6_3.c(8): warning C4716: 'ex6_3': 必須傳回值
c:\106ntuta-19\teach\c 語言\c\ch6\hw1.c(28): warning C4715: 'gcd': 不是所有控制路徑都傳回值
c:\106ntuta-19\teach\c 語言\c\ch6\hw1.c(12): warning C4716: 'hw1': 必須傳回值
c:\106ntuta-19\teach\c 語言\c\ch6\hw3.c(18): warning C4716: 'init': 必須傳回值
c:\106ntuta-19\teach\c 語言\c\ch6\hw3.c(31): warning C4716: 'compare': 必須傳回值
c:\106ntuta-19\teach\c 語言\c\ch6\hw3.c(24): warning C4716: 'getans': 必須傳回值
c:\106ntuta-19\teach\c 語言\c\ch6\hw4.c(25): warning C4716: 'MAX': 必須傳回值
c:\106ntuta-19\teach\c 語言\c\ch6\hw4.c(38): warning C4716: 'MIN': 必須傳回值
c:\106ntuta-19\teach\c 語言\c\ch6\hw5.c(14): warning C4716: 'hw5': 必須傳回值
  正在編譯...
  ex6_19.c
  ex6_18.c
  ex6_17.c
  ex6_16.c
c:\106ntuta-19\teach\c 語言\c\ch6\ex6_16.c(13): warning C4474: 'printf': 傳遞給格式字串的引數太多
  c:\106ntuta-19\teach\c 語言\c\ch6\ex6_16.c(13): note: 預留位置及其參數需要 0 個 variadic 引數，但卻提供了 1 個
  ex6_15.c
c:\106ntuta-19\teach\c 語言\c\ch6\ex6_15.c(20): warning C4098: 'cube': 'void' 函式正在傳回值
  ex6_14.c
  ex6_13.c
  ex6_12.c
  ex6_11.c
  ex6_10.c
  ex6_1.c
  正在產生程式碼...
  ch6.vcxproj -> C:\106NTUTA-19\teach\C 語言\c\Debug\ch6.exe
